--db:test -e
--{{{
DROP EXTENSION IF EXISTS fhirpath;
NOTICE:  extension "fhirpath" does not exist, skipping
CREATE EXTENSION fhirpath;
SELECT 'Patient.name.given'::fhirpath as fhirpath;
      fhirpath      
--------------------
 Patient.name.given
(1 row)

SELECT '.name.given'::fhirpath as fhirpath;
  fhirpath   
-------------
 .name.given
(1 row)

SELECT 'Patient.name.given'::fhirpath as fhirpath;
      fhirpath      
--------------------
 Patient.name.given
(1 row)

SELECT 'Patient.name.where(use=official).given'::fhirpath as fhirpath;
                fhirpath                
----------------------------------------
 Patient.name.where(use=official).given
(1 row)

SELECT '.name.where(use=official).given'::fhirpath as fhirpath;
            fhirpath             
---------------------------------
 .name.where(use=official).given
(1 row)

SELECT fhirpath_extract('{"resourceType":"Patient", "field": 1}', 'Patient.field');
 fhirpath_extract 
------------------
 [1]
(1 row)

SELECT fhirpath_extract('{"resourceType":"Encounter", "field": 1}', 'Patient.field');
 fhirpath_extract 
------------------
 []
(1 row)

SELECT fhirpath_extract('{"a":"1", "b":{"c":"2", "d": [1,2,{"x":100}], "e":{"f": 4}}}', '.b.e.f');
 fhirpath_extract 
------------------
 [4]
(1 row)

SELECT fhirpath_extract('{"b":{"c":"2"}}', '.b.c');
 fhirpath_extract 
------------------
 ["2"]
(1 row)

SELECT fhirpath_extract('{"b":[{"c":1},{"c":2},{"x":"ups"}]}', '.b.c');
 fhirpath_extract 
------------------
 [1, 2]
(1 row)

SELECT fhirpath_extract(
  '{"resourceType":"Patient", "name": [{"use": "official", "family": ["ivanov"]}, {"use": "common", "family": ["petrov"]}]}'
  ,'Patient.name.where(use=official).family');
 fhirpath_extract 
------------------
 [["ivanov"]]
(1 row)

SELECT fhirpath_extract(
'{"resourceType":"Patient", "name": [{"use": "official", "family": ["ivanov"]}, {"use": "common", "family": ["petrov"]}]}'
,'Patient.name.where(use="common").family');
 fhirpath_extract 
------------------
 [["petrov"]]
(1 row)

SELECT '.name OR .alias'::fhirpath as fhirpath;
    fhirpath     
-----------------
 .name OR .alias
(1 row)

--}}}
